==================================================
BOOTING APP
==================================================
REGEX - [a-zA-Z0-9\-_]{11,11}
Retrieving Video information
Retrieving Video information
Downloading The Presets -  Are You the One.mp4
Attempting to save to /Users/justin/dev/ruby/youtube_down/public/scrape/6HIGJZyGWJU/The Presets -  Are You the One.mp4
0.100326374423527
0.350024917271075
0.599723460118623
0.697623836447096
1.01051783706136
1.05884658728992
1.17966846286132
1.27632596331843
1.43742179741362
1.67906554855641
1.92876409140396
2.19457221766103
2.47648992732761
2.72618847017516
2.84701034574656
3.20142118075598
3.50750326553684
3.82164014202247
3.99884555952718
4.33714681112709
4.66739327102223
4.84459868852694
5.12651639819353
5.27955744058396
5.63396827559338
5.91712886113133
6.20585848663132
6.38306390413603
6.65692682209786
6.89857057324064
7.08383078245012
7.17243349120247
7.26909099165958
7.50267995109761
7.57517307644045
7.67183057689757
7.90541953633559
8.14706328747839
8.37259745521165
8.5417480810116
8.93643287454483
9.33111766807805
9.54859704410656
9.70969287820175
10.0963228800302
10.2103328397682
10.5554460072015
10.6198843408396
10.7326514247062
10.8293089251633
11.0306787177823
11.143445801649
11.3125964274489
11.6911716375726
12.013363305763
12.1905687232677
12.4966508080486
12.818842476239
12.9477191435151
13.1007601859055
13.4390614375055
13.7773626891054
13.9867872734291
14.1398283158195
14.4700747757147
14.6553349849242
14.9855814448193
15.162786862324
15.3722114466478
15.9211801584428
16.1213070751904
16.234074159057
16.4515535350856
16.5643206189522
16.805964370095
17.0476081212378
17.1764847885139
17.2489779138567
17.4825668732948
17.7161558327328
17.9739091672851
18.1027858345613
18.2316625018374
18.5228778790801
18.747169170942
18.916319796742
19.0451964640181
19.1660183395895
19.2868402151609
19.4640456326656
19.520429174599
19.5929222999418
19.6251414667608
19.7056893838084
19.8023468842655
19.8748400096084
19.9392783432465
20.0117714685893
20.2131412612083
20.5111685542844
20.9300177229319
21.2522093911223
21.5663462676079
21.9529762694364
22.2429487708077
22.468482938541
22.7745650233218
22.8551129403694
23.1209210666265
23.3235337351169
23.4189483597026
23.6042085689121
23.6847564859597
23.7814139864168
23.974728987331
24.0713864877881
24.2727562804071
24.3694137808643
24.5949479485975
24.6996602407594
24.8446464914451
25.2554408683878
25.6259612868068
25.85149545454
26.1414679559114
26.3992212904637
27.1644265024158
27.4959158381823
27.8732481724347
28.364590466425
28.7159180132151
29.2394794740245
29.5616711422149
29.6099998924434
29.7308217680148
29.8435888518815
30.1416161449576
30.6490680223574
30.8907117735002
31.2290130251001
31.7445196942047
32.0425469872808
32.4372317808141
32.6627659485473
32.8641357411663
33.0896699088996
33.3635328268614
33.7823819955089
34.2012311641564
34.2092859558612
34.6925734581468
34.9583815844038
35.151696585318
35.4497238783942
35.6269292958989
35.8041347134036
36.158545548413
36.4094869671319
36.8109836764985
37.0687370110508
37.398983470946
37.5761888884507
37.8178326395935
37.9628188902792
38.236681808241
38.6474761851837
38.7360788939361
38.9293938948503
39.1468732708788
39.2435307713359
39.4529553556597
39.541558064412
39.7832018155548
40.0087359832881
40.2584345261357
40.3953659851166
40.7336672367165
41.0719684883164
41.1041876551354
41.33096469874
41.7324614081067
41.7646805749257
41.8049545334495
41.8935572422019
41.9741051592494
42.0627078680018
42.2076941186875
42.3124064108493
42.3848995361922
42.457392661535
42.6600053300254
42.8842966218873
43.0695568310968
43.1823239149634
43.2789814154205
43.4803512080395
43.7381045425918
43.8347620430489
44.1408441278298
44.3180495453345
44.3502687121535
44.6805151720487
44.6885699637534
44.7932822559153
45.0188164236486
45.1879670494485
45.3812820503628
45.542377884458
45.9290078862864
46.2753639295911
46.7667062235814
47.0647335166575
47.6095672760344
48.1102072376008
48.4231012382151
48.5117039469674
48.5439231137865
48.592251864015
48.6325258225388
48.6969641561769
48.8177860317483
48.9144435322054
49.0352654077768
49.1802516584625
49.196361241872
49.2769091589196
49.3413474925577
49.4541145764243
49.5829912437005
49.6635391607481
49.7763062446147
49.9051829118909
49.9937856206432
50.2193197883765
50.3481964556526
50.6945524989573
50.9684154169191
51.1536756261286
51.2906070851095
51.4033741689761
51.7336206288713
51.9269356297855
52.2169081311569
52.5632641744615
52.8049079256043
53.3606885532327
53.8923048057469
54.1500581402992
54.5286333504229
54.5689073089467
54.9474825190704
55.2535646038512
55.4388248130607
55.6401946056797
56.1879204416034
56.5584408600223
56.7678654443461
56.9611804452603
57.170605029584
57.4605775309554
57.6136185733458
58.0578749929789
58.2189708270741
58.3224402433647
58.4754812857551
58.6204675364408
58.7654537871264
58.8298921207645
58.9587687880407
59.1520837889549
59.3131796230501
59.4903850405548
59.5789877493072
59.6675904580595
59.8286862921547
60.1037920859879
60.1508779603451
60.2958642110308
60.4650148368307
60.5697271289926
60.6583298377449
60.7469325464973
60.8516448386592
60.9724667142306
61.1174529649162
61.1657817151448
61.2302200487829
61.2866035907162
61.4074254662876
61.4799185916304
61.7054527593637
61.8907129685732
62.1081923446017
62.2370690118778
62.4062196376778
62.5834250551825
62.8170140146205
63.3405754754299
63.3969590173632
63.5822192265727
63.7433150606679
64.3474244385249
64.3876983970486
64.709890065239
65.0884652753627
65.3542734016198
65.5314788191245
66.1033690301625
66.5705469490385
66.7638619499527
66.8846838255241
67.0457796596193
67.4404644531525
67.7304369545239
67.7707109130477
68.2471864994999
68.5359161249999
68.6970119590951
69.0192036272854
69.1964090447901
69.3736144622949
69.53471029639
69.8166280060566
70.0260525903804
70.1227100908375
70.2274223829994
70.3321346751612
70.5335044677802
70.7268194686945
71.0409563451801
71.2342713460943
71.4275863470086
71.6531205147418
71.7900519737227
71.9592025995227
72.1766819755512
72.4102709349892
72.5230380188559
72.7888461451129
72.9096680206843
73.0465994796652
73.4010103146747
73.603622983165
73.6748732326365
73.7956951082079
73.9165169837793
73.9648457340078
74.0131744842364
74.1581607349221
74.2306538602649
74.3675853192458
74.4803524031124
74.5770099035696
74.6172838620934
74.6897769874362
74.8669824049409
75.0119686556266
75.0764069892647
75.132790531198
75.3261055321122
75.3905438657503
75.4469274076836
75.5919136583693
75.7449547007597
75.9395125775453
75.9785436601977
76.0590915772453
76.2846257449786
76.3651736620262
76.4779407458928
76.6551461633975
76.8323515809023
76.9451186647689
77.0659405403403
77.2270363744355
77.3317486665973
77.5250636675116
77.6297759596735
77.879474502521
78.0566799200257
78.396224047497
78.6124605476541
78.8460495070922
78.918542632435
79.1038028416445
79.2004603421016
79.4018301347206
79.5951451356348
79.788460136549
80.0139943042823
80.2234188886061
80.3684051392917
80.538798640963
80.7791995162345
80.8436378498725
80.9322405586249
81.1175007678344
81.1899938931772
81.3027609770438
81.4248257284866
81.5363499364819
81.6007882701199
81.6813361871675
81.834377229558
82.1324045226341
82.3096099401388
82.3901578571864
82.5512536912816
82.7377567763624
82.8412261926529
83.0264864018624
83.27618494471
83.3808972368718
83.4533903622147
83.5822670294908
83.775582030405
83.8802943225669
84.1541572405287
84.2910886995097
84.5005132838334
84.6777187013381
84.9044957449427
84.9918555778238
85.016019952938
85.1932253704427
85.2576637040808
85.3140472460141
85.4509787049951
85.5154170386331
85.7087320395474
85.7409512063664
85.853718290233
85.9664853740997
86.1195264164901
86.3047866256996
86.8134813789708
87.126375379585
87.2552520468612
87.4485670477754
87.6499368403944
87.8835257998325
88.4554160108704
88.6406762200799
88.9950870550893
89.1642376808892
89.1964568477083
89.2931143481654
89.3494978900987
89.3978266403273
89.5428128910129
89.6636347665843
89.7361278919272
89.9374976845462
90.0744291435271
90.3241276863746
90.4610591453555
90.7120005640744
91.3793053996981
91.4772057760266
91.5565108172028
91.6934422761837
91.7337162347076
91.8142641517551
91.8625929019837
91.9350860273265
92.0075791526694
92.0478531111932
92.1284010282408
92.2492229038122
92.2975516540407
92.4264283213169
92.5391954051835
92.6036337388216
92.724455614393
92.8452774899644
92.9741541572405
93.0949760328119
93.2399622834976
93.3124554088404
93.4010581175928
93.6519995363117
93.827962077945
94.0696058290878
94.2065372880687
94.3434687470497
94.5126193728496
94.8911945829733
95.1489479175256
95.5194683359446
95.7369477119731
95.906098337773
96.0510845884587
96.4377145902872
96.7679610501823
97.0337691764394
97.347906052925
97.517056678725
97.6620429294106
97.782864804982
98.0567277229438
98.1936591819248
98.5158508501151
98.8795593527007
99.0071931441055
99.2500797711196
99.4663162712768
99.6435216887815
99.8448914814005
File can be viewed at /Users/justin/dev/ruby/youtube_down/public/scrape/6HIGJZyGWJU/The Presets -  Are You the One.mp4


==================================================
Processing with FFMpeg
==================================================


Converting with ffmpeg -y -i "/Users/justin/dev/ruby/youtube_down/public/scrape/6HIGJZyGWJU/The Presets -  Are You the One.mp4"  -acodec libmp3lame  -ab 192k "/Users/justin/dev/ruby/youtube_down/public/scrape/6HIGJZyGWJU/The Presets -  Are You the One.mp3"
FFmpeg version SVN-r14381, Copyright (c) 2000-2008 Fabrice Bellard, et al.
  configuration: --prefix=/opt/local --disable-vhook --mandir=/opt/local/share/man --enable-shared --enable-pthreads --disable-mmx --cc=gcc-4.0 --enable-gpl --enable-postproc --enable-libmp3lame --enable-libtheora --enable-libfaac --enable-libfaad --enable-libxvid --enable-libx264 --enable-liba52
  libavutil version: 49.7.0
  libavcodec version: 51.60.0
  libavformat version: 52.18.0
  libavdevice version: 52.0.0
  built on Sep  7 2010 22:24:34, gcc: 4.0.1 (Apple Computer, Inc. build 5367)
Input #0, mov,mp4,m4a,3gp,3g2,mj2, from '/Users/justin/dev/ruby/youtube_down/public/scrape/6HIGJZyGWJU/The Presets -  Are You the One.mp4':
  Duration: 00:03:34.18, start: 0.000000, bitrate: 625 kb/s
    Stream #0.0(und): Audio: libfaad, 44100 Hz, stereo
    Stream #0.1(und): Video: h264, yuv420p, 320x240, 29.97 tb(r)
Output #0, mp3, to '/Users/justin/dev/ruby/youtube_down/public/scrape/6HIGJZyGWJU/The Presets -  Are You the One.mp3':
    Stream #0.0(und): Audio: libmp3lame, 44100 Hz, stereo, 192 kb/s
Stream mapping:
  Stream #0.0 -> #0.0
Press [q] to stop encoding
size=     236kB time=10.08 bitrate= 192.0kbits/s    size=     481kB time=20.53 bitrate= 192.0kbits/s    size=     714kB time=30.46 bitrate= 192.0kbits/s    size=     816kB time=34.80 bitrate= 192.0kbits/s    size=     987kB time=42.11 bitrate= 192.0kbits/s    size=    1190kB time=50.76 bitrate= 192.0kbits/s    size=    1436kB time=61.26 bitrate= 192.0kbits/s    size=    1700kB time=72.54 bitrate= 192.0kbits/s    size=    1959kB time=83.59 bitrate= 192.0kbits/s    size=    2236kB time=95.40 bitrate= 192.0kbits/s    size=    2511kB time=107.13 bitrate= 192.0kbits/s    size=    2792kB time=119.12 bitrate= 192.0kbits/s    size=    3052kB time=130.22 bitrate= 192.0kbits/s    size=    3308kB time=141.14 bitrate= 192.0kbits/s    size=    3556kB time=151.72 bitrate= 192.0kbits/s    size=    3812kB time=162.66 bitrate= 192.0kbits/s    size=    4082kB time=174.16 bitrate= 192.0kbits/s    size=    4327kB time=184.63 bitrate= 192.0kbits/s    size=    4604kB time=196.44 bitrate= 192.0kbits/s    size=    4859kB time=207.33 bitrate= 192.0kbits/s    [libmp3lame @ 0x180f600]lame: output buffer too small (buffer index: 7524, free bytes: 1116)
size=    5022kB time=214.26 bitrate= 192.0kbits/s    
video:0kB audio:5022kB global headers:0kB muxing overhead 0.000622%


==================================================
Processing with Mplayer
==================================================


Normalizing audio with mplayer -af volnorm=1 "/Users/justin/dev/ruby/youtube_down/public/scrape/6HIGJZyGWJU/The Presets -  Are You the One.mp3" -o "/Users/justin/dev/ruby/youtube_down/public/scrape/6HIGJZyGWJU/The Presets -  Are You the One.mp3"
MPlayer 1.0rc2-4.0.1 (C) 2000-2007 MPlayer Team
CPU: Intel(R) Core(TM)2 CPU         T7200  @ 2.00GHz (Family: 6, Model: 15, Stepping: 6)
CPUflags:  MMX: 1 MMX2: 1 3DNow: 0 3DNow2: 0 SSE: 1 SSE2: 1
Compiled for x86 CPU with extensions: MMX MMX2 SSE SSE2
Option -o has been renamed to -vo (video-out), use -vo.
115 audio & 237 video codecs


==================================================
Post Processing  - (Looking up possible track info and adding ID3 tags if exists
==================================================


Post process script - echo "/Users/justin/dev/ruby/youtube_down/public/scrape/6HIGJZyGWJU/The Presets -  Are You the One.mp3" | ./scripts/find_info.rb | ./scripts/add_tag.rb
Beginning add_tag.rb - tagging script
Song info lookup yielded 841 chars of output
Song info parsed OK
["RECORD Tagging was a success for The Presets -  Are You the One.mp3"]
